<?xml version="1.0" encoding="UTF-8"?>
<!-- Generated by org.testng.reporters.JUnitReportReporter -->
<testsuite hostname="DESKTOP-175D9K0" failures="0" tests="1" name="amazon.MyTest" time="33.166" errors="0" timestamp="2024-03-11T16:58:52 IST" skipped="0">
  <testcase classname="amazon.MyTest" name="listProducts" time="33.166"/>
</testsuite> <!-- amazon.MyTest -->
